Traceback (most recent call last):
  File "/opt/hostedtoolcache/Python/3.8.14/x64/lib/python3.8/site-packages/jupyter_cache/executors/utils.py", line 51, in single_nb_execution
    executenb(
  File "/opt/hostedtoolcache/Python/3.8.14/x64/lib/python3.8/site-packages/nbclient/client.py", line 1204, in execute
    return NotebookClient(nb=nb, resources=resources, km=km, **kwargs).execute()
  File "/opt/hostedtoolcache/Python/3.8.14/x64/lib/python3.8/site-packages/nbclient/util.py", line 84, in wrapped
    return just_run(coro(*args, **kwargs))
  File "/opt/hostedtoolcache/Python/3.8.14/x64/lib/python3.8/site-packages/nbclient/util.py", line 62, in just_run
    return loop.run_until_complete(coro)
  File "/opt/hostedtoolcache/Python/3.8.14/x64/lib/python3.8/asyncio/base_events.py", line 616, in run_until_complete
    return future.result()
  File "/opt/hostedtoolcache/Python/3.8.14/x64/lib/python3.8/site-packages/nbclient/client.py", line 663, in async_execute
    await self.async_execute_cell(
  File "/opt/hostedtoolcache/Python/3.8.14/x64/lib/python3.8/site-packages/nbclient/client.py", line 965, in async_execute_cell
    await self._check_raise_for_error(cell, cell_index, exec_reply)
  File "/opt/hostedtoolcache/Python/3.8.14/x64/lib/python3.8/site-packages/nbclient/client.py", line 862, in _check_raise_for_error
    raise CellExecutionError.from_cell_and_msg(cell, exec_reply_content)
nbclient.exceptions.CellExecutionError: An error occurred while executing the following cell:
------------------
boosting_importances = regr_boosting.feature_importances_
boosting_indices = np.argsort(boosting_importances)[::-1]
boosting_names = [X.columns[i] for i in boosting_indices]

importances = pd.DataFrame(
    {
        "feature": X.columns,
        "Random Forest": rf_importances,
        "Boosting": boosting_importances,
    }
)
importances = importances.set_index("feature")
sorted_importances = importances.sort_values(by="Random Forest", ascending=False)
sorted_importances.plot.bar(rot=30, figsize=(10, 5))
------------------

[0;31m---------------------------------------------------------------------------[0m
[0;31mValueError[0m                                Traceback (most recent call last)
Cell [0;32mIn [7], line 5[0m
[1;32m      2[0m boosting_indices [38;5;241m=[39m np[38;5;241m.[39margsort(boosting_importances)[::[38;5;241m-[39m[38;5;241m1[39m]
[1;32m      3[0m boosting_names [38;5;241m=[39m [X[38;5;241m.[39mcolumns[i] [38;5;28;01mfor[39;00m i [38;5;129;01min[39;00m boosting_indices]
[0;32m----> 5[0m importances [38;5;241m=[39m [43mpd[49m[38;5;241;43m.[39;49m[43mDataFrame[49m[43m([49m
[1;32m      6[0m [43m    [49m[43m{[49m
[1;32m      7[0m [43m        [49m[38;5;124;43m"[39;49m[38;5;124;43mfeature[39;49m[38;5;124;43m"[39;49m[43m:[49m[43m [49m[43mX[49m[38;5;241;43m.[39;49m[43mcolumns[49m[43m,[49m
[1;32m      8[0m [43m        [49m[38;5;124;43m"[39;49m[38;5;124;43mRandom Forest[39;49m[38;5;124;43m"[39;49m[43m:[49m[43m [49m[43mrf_importances[49m[43m,[49m
[1;32m      9[0m [43m        [49m[38;5;124;43m"[39;49m[38;5;124;43mBoosting[39;49m[38;5;124;43m"[39;49m[43m:[49m[43m [49m[43mboosting_importances[49m[43m,[49m
[1;32m     10[0m [43m    [49m[43m}[49m
[1;32m     11[0m [43m)[49m
[1;32m     12[0m importances [38;5;241m=[39m importances[38;5;241m.[39mset_index([38;5;124m"[39m[38;5;124mfeature[39m[38;5;124m"[39m)
[1;32m     13[0m sorted_importances [38;5;241m=[39m importances[38;5;241m.[39msort_values(by[38;5;241m=[39m[38;5;124m"[39m[38;5;124mRandom Forest[39m[38;5;124m"[39m, ascending[38;5;241m=[39m[38;5;28;01mFalse[39;00m)

File [0;32m/opt/hostedtoolcache/Python/3.8.14/x64/lib/python3.8/site-packages/pandas/core/frame.py:663[0m, in [0;36mDataFrame.__init__[0;34m(self, data, index, columns, dtype, copy)[0m
[1;32m    657[0m     mgr [38;5;241m=[39m [38;5;28mself[39m[38;5;241m.[39m_init_mgr(
[1;32m    658[0m         data, axes[38;5;241m=[39m{[38;5;124m"[39m[38;5;124mindex[39m[38;5;124m"[39m: index, [38;5;124m"[39m[38;5;124mcolumns[39m[38;5;124m"[39m: columns}, dtype[38;5;241m=[39mdtype, copy[38;5;241m=[39mcopy
[1;32m    659[0m     )
[1;32m    661[0m [38;5;28;01melif[39;00m [38;5;28misinstance[39m(data, [38;5;28mdict[39m):
[1;32m    662[0m     [38;5;66;03m# GH#38939 de facto copy defaults to False only in non-dict cases[39;00m
[0;32m--> 663[0m     mgr [38;5;241m=[39m [43mdict_to_mgr[49m[43m([49m[43mdata[49m[43m,[49m[43m [49m[43mindex[49m[43m,[49m[43m [49m[43mcolumns[49m[43m,[49m[43m [49m[43mdtype[49m[38;5;241;43m=[39;49m[43mdtype[49m[43m,[49m[43m [49m[43mcopy[49m[38;5;241;43m=[39;49m[43mcopy[49m[43m,[49m[43m [49m[43mtyp[49m[38;5;241;43m=[39;49m[43mmanager[49m[43m)[49m
[1;32m    664[0m [38;5;28;01melif[39;00m [38;5;28misinstance[39m(data, ma[38;5;241m.[39mMaskedArray):
[1;32m    665[0m     [38;5;28;01mimport[39;00m [38;5;21;01mnumpy[39;00m[38;5;21;01m.[39;00m[38;5;21;01mma[39;00m[38;5;21;01m.[39;00m[38;5;21;01mmrecords[39;00m [38;5;28;01mas[39;00m [38;5;21;01mmrecords[39;00m

File [0;32m/opt/hostedtoolcache/Python/3.8.14/x64/lib/python3.8/site-packages/pandas/core/internals/construction.py:493[0m, in [0;36mdict_to_mgr[0;34m(data, index, columns, dtype, typ, copy)[0m
[1;32m    489[0m     [38;5;28;01melse[39;00m:
[1;32m    490[0m         [38;5;66;03m# dtype check to exclude e.g. range objects, scalars[39;00m
[1;32m    491[0m         arrays [38;5;241m=[39m [x[38;5;241m.[39mcopy() [38;5;28;01mif[39;00m [38;5;28mhasattr[39m(x, [38;5;124m"[39m[38;5;124mdtype[39m[38;5;124m"[39m) [38;5;28;01melse[39;00m x [38;5;28;01mfor[39;00m x [38;5;129;01min[39;00m arrays]
[0;32m--> 493[0m [38;5;28;01mreturn[39;00m [43marrays_to_mgr[49m[43m([49m[43marrays[49m[43m,[49m[43m [49m[43mcolumns[49m[43m,[49m[43m [49m[43mindex[49m[43m,[49m[43m [49m[43mdtype[49m[38;5;241;43m=[39;49m[43mdtype[49m[43m,[49m[43m [49m[43mtyp[49m[38;5;241;43m=[39;49m[43mtyp[49m[43m,[49m[43m [49m[43mconsolidate[49m[38;5;241;43m=[39;49m[43mcopy[49m[43m)[49m

File [0;32m/opt/hostedtoolcache/Python/3.8.14/x64/lib/python3.8/site-packages/pandas/core/internals/construction.py:118[0m, in [0;36marrays_to_mgr[0;34m(arrays, columns, index, dtype, verify_integrity, typ, consolidate)[0m
[1;32m    115[0m [38;5;28;01mif[39;00m verify_integrity:
[1;32m    116[0m     [38;5;66;03m# figure out the index, if necessary[39;00m
[1;32m    117[0m     [38;5;28;01mif[39;00m index [38;5;129;01mis[39;00m [38;5;28;01mNone[39;00m:
[0;32m--> 118[0m         index [38;5;241m=[39m [43m_extract_index[49m[43m([49m[43marrays[49m[43m)[49m
[1;32m    119[0m     [38;5;28;01melse[39;00m:
[1;32m    120[0m         index [38;5;241m=[39m ensure_index(index)

File [0;32m/opt/hostedtoolcache/Python/3.8.14/x64/lib/python3.8/site-packages/pandas/core/internals/construction.py:666[0m, in [0;36m_extract_index[0;34m(data)[0m
[1;32m    664[0m lengths [38;5;241m=[39m [38;5;28mlist[39m([38;5;28mset[39m(raw_lengths))
[1;32m    665[0m [38;5;28;01mif[39;00m [38;5;28mlen[39m(lengths) [38;5;241m>[39m [38;5;241m1[39m:
[0;32m--> 666[0m     [38;5;28;01mraise[39;00m [38;5;167;01mValueError[39;00m([38;5;124m"[39m[38;5;124mAll arrays must be of the same length[39m[38;5;124m"[39m)
[1;32m    668[0m [38;5;28;01mif[39;00m have_dicts:
[1;32m    669[0m     [38;5;28;01mraise[39;00m [38;5;167;01mValueError[39;00m(
[1;32m    670[0m         [38;5;124m"[39m[38;5;124mMixing dicts with non-Series may lead to ambiguous ordering.[39m[38;5;124m"[39m
[1;32m    671[0m     )

[0;31mValueError[0m: All arrays must be of the same length
ValueError: All arrays must be of the same length

